<?xml version="1.0" encoding="UTF-8"?>
<testsuite xmlns:xsi="http://www.w3.org/2001/XMLSchema-instance" xsi:noNamespaceSchemaLocation="https://maven.apache.org/surefire/maven-surefire-plugin/xsd/surefire-test-report.xsd" name="com.bg.gke.BespinGkeApplicationTests" time="6.59" tests="1" errors="0" skipped="0" failures="0">
  <properties>
    <property name="awt.toolkit" value="sun.awt.X11.XToolkit"/>
    <property name="java.specification.version" value="11"/>
    <property name="sun.cpu.isalist" value=""/>
    <property name="sun.jnu.encoding" value="UTF-8"/>
    <property name="java.class.path" value="/home/juyeon_gcp3/Bespin-pjt/bespin-gke/target/test-classes:/home/juyeon_gcp3/Bespin-pjt/bespin-gke/target/classes:/home/juyeon_gcp3/.m2/repository/org/springframework/boot/spring-boot-starter-thymeleaf/2.6.3/spring-boot-starter-thymeleaf-2.6.3.jar:/home/juyeon_gcp3/.m2/repository/org/springframework/boot/spring-boot-starter/2.6.3/spring-boot-starter-2.6.3.jar:/home/juyeon_gcp3/.m2/repository/org/springframework/boot/spring-boot/2.6.3/spring-boot-2.6.3.jar:/home/juyeon_gcp3/.m2/repository/org/springframework/boot/spring-boot-autoconfigure/2.6.3/spring-boot-autoconfigure-2.6.3.jar:/home/juyeon_gcp3/.m2/repository/org/springframework/boot/spring-boot-starter-logging/2.6.3/spring-boot-starter-logging-2.6.3.jar:/home/juyeon_gcp3/.m2/repository/ch/qos/logback/logback-classic/1.2.10/logback-classic-1.2.10.jar:/home/juyeon_gcp3/.m2/repository/ch/qos/logback/logback-core/1.2.10/logback-core-1.2.10.jar:/home/juyeon_gcp3/.m2/repository/org/apache/logging/log4j/log4j-to-slf4j/2.17.1/log4j-to-slf4j-2.17.1.jar:/home/juyeon_gcp3/.m2/repository/org/apache/logging/log4j/log4j-api/2.17.1/log4j-api-2.17.1.jar:/home/juyeon_gcp3/.m2/repository/org/slf4j/jul-to-slf4j/1.7.33/jul-to-slf4j-1.7.33.jar:/home/juyeon_gcp3/.m2/repository/jakarta/annotation/jakarta.annotation-api/1.3.5/jakarta.annotation-api-1.3.5.jar:/home/juyeon_gcp3/.m2/repository/org/yaml/snakeyaml/1.29/snakeyaml-1.29.jar:/home/juyeon_gcp3/.m2/repository/org/thymeleaf/thymeleaf-spring5/3.0.14.RELEASE/thymeleaf-spring5-3.0.14.RELEASE.jar:/home/juyeon_gcp3/.m2/repository/org/thymeleaf/thymeleaf/3.0.14.RELEASE/thymeleaf-3.0.14.RELEASE.jar:/home/juyeon_gcp3/.m2/repository/org/attoparser/attoparser/2.0.5.RELEASE/attoparser-2.0.5.RELEASE.jar:/home/juyeon_gcp3/.m2/repository/org/unbescape/unbescape/1.1.6.RELEASE/unbescape-1.1.6.RELEASE.jar:/home/juyeon_gcp3/.m2/repository/org/slf4j/slf4j-api/1.7.33/slf4j-api-1.7.33.jar:/home/juyeon_gcp3/.m2/repository/org/thymeleaf/extras/thymeleaf-extras-java8time/3.0.4.RELEASE/thymeleaf-extras-java8time-3.0.4.RELEASE.jar:/home/juyeon_gcp3/.m2/repository/org/springframework/boot/spring-boot-starter-web/2.6.3/spring-boot-starter-web-2.6.3.jar:/home/juyeon_gcp3/.m2/repository/org/springframework/boot/spring-boot-starter-json/2.6.3/spring-boot-starter-json-2.6.3.jar:/home/juyeon_gcp3/.m2/repository/com/fasterxml/jackson/core/jackson-databind/2.13.1/jackson-databind-2.13.1.jar:/home/juyeon_gcp3/.m2/repository/com/fasterxml/jackson/core/jackson-annotations/2.13.1/jackson-annotations-2.13.1.jar:/home/juyeon_gcp3/.m2/repository/com/fasterxml/jackson/core/jackson-core/2.13.1/jackson-core-2.13.1.jar:/home/juyeon_gcp3/.m2/repository/com/fasterxml/jackson/datatype/jackson-datatype-jdk8/2.13.1/jackson-datatype-jdk8-2.13.1.jar:/home/juyeon_gcp3/.m2/repository/com/fasterxml/jackson/datatype/jackson-datatype-jsr310/2.13.1/jackson-datatype-jsr310-2.13.1.jar:/home/juyeon_gcp3/.m2/repository/com/fasterxml/jackson/module/jackson-module-parameter-names/2.13.1/jackson-module-parameter-names-2.13.1.jar:/home/juyeon_gcp3/.m2/repository/org/springframework/boot/spring-boot-starter-tomcat/2.6.3/spring-boot-starter-tomcat-2.6.3.jar:/home/juyeon_gcp3/.m2/repository/org/apache/tomcat/embed/tomcat-embed-core/9.0.56/tomcat-embed-core-9.0.56.jar:/home/juyeon_gcp3/.m2/repository/org/apache/tomcat/embed/tomcat-embed-el/9.0.56/tomcat-embed-el-9.0.56.jar:/home/juyeon_gcp3/.m2/repository/org/apache/tomcat/embed/tomcat-embed-websocket/9.0.56/tomcat-embed-websocket-9.0.56.jar:/home/juyeon_gcp3/.m2/repository/org/springframework/spring-web/5.3.15/spring-web-5.3.15.jar:/home/juyeon_gcp3/.m2/repository/org/springframework/spring-beans/5.3.15/spring-beans-5.3.15.jar:/home/juyeon_gcp3/.m2/repository/org/springframework/spring-webmvc/5.3.15/spring-webmvc-5.3.15.jar:/home/juyeon_gcp3/.m2/repository/org/springframework/spring-aop/5.3.15/spring-aop-5.3.15.jar:/home/juyeon_gcp3/.m2/repository/org/springframework/spring-context/5.3.15/spring-context-5.3.15.jar:/home/juyeon_gcp3/.m2/repository/org/springframework/spring-expression/5.3.15/spring-expression-5.3.15.jar:/home/juyeon_gcp3/.m2/repository/org/springframework/boot/spring-boot-starter-test/2.6.3/spring-boot-starter-test-2.6.3.jar:/home/juyeon_gcp3/.m2/repository/org/springframework/boot/spring-boot-test/2.6.3/spring-boot-test-2.6.3.jar:/home/juyeon_gcp3/.m2/repository/org/springframework/boot/spring-boot-test-autoconfigure/2.6.3/spring-boot-test-autoconfigure-2.6.3.jar:/home/juyeon_gcp3/.m2/repository/com/jayway/jsonpath/json-path/2.6.0/json-path-2.6.0.jar:/home/juyeon_gcp3/.m2/repository/net/minidev/json-smart/2.4.7/json-smart-2.4.7.jar:/home/juyeon_gcp3/.m2/repository/net/minidev/accessors-smart/2.4.7/accessors-smart-2.4.7.jar:/home/juyeon_gcp3/.m2/repository/jakarta/xml/bind/jakarta.xml.bind-api/2.3.3/jakarta.xml.bind-api-2.3.3.jar:/home/juyeon_gcp3/.m2/repository/jakarta/activation/jakarta.activation-api/1.2.2/jakarta.activation-api-1.2.2.jar:/home/juyeon_gcp3/.m2/repository/org/assertj/assertj-core/3.21.0/assertj-core-3.21.0.jar:/home/juyeon_gcp3/.m2/repository/org/hamcrest/hamcrest/2.2/hamcrest-2.2.jar:/home/juyeon_gcp3/.m2/repository/org/junit/jupiter/junit-jupiter/5.8.2/junit-jupiter-5.8.2.jar:/home/juyeon_gcp3/.m2/repository/org/junit/jupiter/junit-jupiter-api/5.8.2/junit-jupiter-api-5.8.2.jar:/home/juyeon_gcp3/.m2/repository/org/opentest4j/opentest4j/1.2.0/opentest4j-1.2.0.jar:/home/juyeon_gcp3/.m2/repository/org/junit/platform/junit-platform-commons/1.8.2/junit-platform-commons-1.8.2.jar:/home/juyeon_gcp3/.m2/repository/org/apiguardian/apiguardian-api/1.1.2/apiguardian-api-1.1.2.jar:/home/juyeon_gcp3/.m2/repository/org/junit/jupiter/junit-jupiter-params/5.8.2/junit-jupiter-params-5.8.2.jar:/home/juyeon_gcp3/.m2/repository/org/junit/jupiter/junit-jupiter-engine/5.8.2/junit-jupiter-engine-5.8.2.jar:/home/juyeon_gcp3/.m2/repository/org/junit/platform/junit-platform-engine/1.8.2/junit-platform-engine-1.8.2.jar:/home/juyeon_gcp3/.m2/repository/org/mockito/mockito-core/4.0.0/mockito-core-4.0.0.jar:/home/juyeon_gcp3/.m2/repository/net/bytebuddy/byte-buddy/1.11.22/byte-buddy-1.11.22.jar:/home/juyeon_gcp3/.m2/repository/net/bytebuddy/byte-buddy-agent/1.11.22/byte-buddy-agent-1.11.22.jar:/home/juyeon_gcp3/.m2/repository/org/objenesis/objenesis/3.2/objenesis-3.2.jar:/home/juyeon_gcp3/.m2/repository/org/mockito/mockito-junit-jupiter/4.0.0/mockito-junit-jupiter-4.0.0.jar:/home/juyeon_gcp3/.m2/repository/org/skyscreamer/jsonassert/1.5.0/jsonassert-1.5.0.jar:/home/juyeon_gcp3/.m2/repository/com/vaadin/external/google/android-json/0.0.20131108.vaadin1/android-json-0.0.20131108.vaadin1.jar:/home/juyeon_gcp3/.m2/repository/org/springframework/spring-core/5.3.15/spring-core-5.3.15.jar:/home/juyeon_gcp3/.m2/repository/org/springframework/spring-jcl/5.3.15/spring-jcl-5.3.15.jar:/home/juyeon_gcp3/.m2/repository/org/springframework/spring-test/5.3.15/spring-test-5.3.15.jar:/home/juyeon_gcp3/.m2/repository/org/xmlunit/xmlunit-core/2.8.4/xmlunit-core-2.8.4.jar:/home/juyeon_gcp3/.m2/repository/org/mariadb/jdbc/mariadb-java-client/2.7.5/mariadb-java-client-2.7.5.jar:/home/juyeon_gcp3/.m2/repository/mysql/mysql-connector-java/8.0.28/mysql-connector-java-8.0.28.jar:/home/juyeon_gcp3/.m2/repository/com/google/cloud/sql/mysql-socket-factory/1.4.0/mysql-socket-factory-1.4.0.jar:/home/juyeon_gcp3/.m2/repository/com/google/cloud/sql/jdbc-socket-factory-core/1.4.0/jdbc-socket-factory-core-1.4.0.jar:/home/juyeon_gcp3/.m2/repository/com/google/http-client/google-http-client-jackson2/1.40.1/google-http-client-jackson2-1.40.1.jar:/home/juyeon_gcp3/.m2/repository/com/google/api-client/google-api-client/1.32.2/google-api-client-1.32.2.jar:/home/juyeon_gcp3/.m2/repository/com/google/oauth-client/google-oauth-client/1.32.1/google-oauth-client-1.32.1.jar:/home/juyeon_gcp3/.m2/repository/com/google/http-client/google-http-client-apache-v2/1.40.1/google-http-client-apache-v2-1.40.1.jar:/home/juyeon_gcp3/.m2/repository/org/checkerframework/checker-compat-qual/2.5.5/checker-compat-qual-2.5.5.jar:/home/juyeon_gcp3/.m2/repository/com/google/apis/google-api-services-sqladmin/v1beta4-rev20211017-1.32.1/google-api-services-sqladmin-v1beta4-rev20211017-1.32.1.jar:/home/juyeon_gcp3/.m2/repository/com/github/jnr/jnr-unixsocket/0.38.12/jnr-unixsocket-0.38.12.jar:/home/juyeon_gcp3/.m2/repository/com/github/jnr/jnr-ffi/2.2.8/jnr-ffi-2.2.8.jar:/home/juyeon_gcp3/.m2/repository/com/github/jnr/jffi/1.3.6/jffi-1.3.6.jar:/home/juyeon_gcp3/.m2/repository/com/github/jnr/jffi/1.3.6/jffi-1.3.6-native.jar:/home/juyeon_gcp3/.m2/repository/org/ow2/asm/asm-commons/9.2/asm-commons-9.2.jar:/home/juyeon_gcp3/.m2/repository/com/github/jnr/jnr-a64asm/1.0.0/jnr-a64asm-1.0.0.jar:/home/juyeon_gcp3/.m2/repository/com/github/jnr/jnr-x86asm/1.0.2/jnr-x86asm-1.0.2.jar:/home/juyeon_gcp3/.m2/repository/com/github/jnr/jnr-constants/0.10.3/jnr-constants-0.10.3.jar:/home/juyeon_gcp3/.m2/repository/com/github/jnr/jnr-enxio/0.32.10/jnr-enxio-0.32.10.jar:/home/juyeon_gcp3/.m2/repository/com/github/jnr/jnr-posix/3.1.11/jnr-posix-3.1.11.jar:/home/juyeon_gcp3/.m2/repository/org/ow2/asm/asm-util/9.2/asm-util-9.2.jar:/home/juyeon_gcp3/.m2/repository/org/ow2/asm/asm/9.2/asm-9.2.jar:/home/juyeon_gcp3/.m2/repository/org/ow2/asm/asm-tree/9.2/asm-tree-9.2.jar:/home/juyeon_gcp3/.m2/repository/org/ow2/asm/asm-analysis/9.2/asm-analysis-9.2.jar:/home/juyeon_gcp3/.m2/repository/com/google/cloud/google-cloud-container/2.3.2/google-cloud-container-2.3.2.jar:/home/juyeon_gcp3/.m2/repository/io/grpc/grpc-api/1.44.0/grpc-api-1.44.0.jar:/home/juyeon_gcp3/.m2/repository/io/grpc/grpc-context/1.44.0/grpc-context-1.44.0.jar:/home/juyeon_gcp3/.m2/repository/com/google/code/findbugs/jsr305/3.0.2/jsr305-3.0.2.jar:/home/juyeon_gcp3/.m2/repository/io/grpc/grpc-stub/1.44.0/grpc-stub-1.44.0.jar:/home/juyeon_gcp3/.m2/repository/io/grpc/grpc-protobuf/1.44.0/grpc-protobuf-1.44.0.jar:/home/juyeon_gcp3/.m2/repository/io/grpc/grpc-protobuf-lite/1.44.0/grpc-protobuf-lite-1.44.0.jar:/home/juyeon_gcp3/.m2/repository/com/google/api/api-common/2.1.3/api-common-2.1.3.jar:/home/juyeon_gcp3/.m2/repository/javax/annotation/javax.annotation-api/1.3.2/javax.annotation-api-1.3.2.jar:/home/juyeon_gcp3/.m2/repository/com/google/auto/value/auto-value-annotations/1.9/auto-value-annotations-1.9.jar:/home/juyeon_gcp3/.m2/repository/com/google/protobuf/protobuf-java/3.19.3/protobuf-java-3.19.3.jar:/home/juyeon_gcp3/.m2/repository/com/google/api/grpc/proto-google-common-protos/2.7.2/proto-google-common-protos-2.7.2.jar:/home/juyeon_gcp3/.m2/repository/com/google/api/grpc/proto-google-cloud-container-v1beta1/2.3.2/proto-google-cloud-container-v1beta1-2.3.2.jar:/home/juyeon_gcp3/.m2/repository/com/google/api/grpc/proto-google-cloud-container-v1/2.3.2/proto-google-cloud-container-v1-2.3.2.jar:/home/juyeon_gcp3/.m2/repository/com/google/guava/guava/31.0.1-jre/guava-31.0.1-jre.jar:/home/juyeon_gcp3/.m2/repository/com/google/guava/failureaccess/1.0.1/failureaccess-1.0.1.jar:/home/juyeon_gcp3/.m2/repository/com/google/guava/listenablefuture/9999.0-empty-to-avoid-conflict-with-guava/listenablefuture-9999.0-empty-to-avoid-conflict-with-guava.jar:/home/juyeon_gcp3/.m2/repository/org/checkerframework/checker-qual/3.21.1/checker-qual-3.21.1.jar:/home/juyeon_gcp3/.m2/repository/com/google/errorprone/error_prone_annotations/2.11.0/error_prone_annotations-2.11.0.jar:/home/juyeon_gcp3/.m2/repository/com/google/j2objc/j2objc-annotations/1.3/j2objc-annotations-1.3.jar:/home/juyeon_gcp3/.m2/repository/com/google/api/gax/2.11.0/gax-2.11.0.jar:/home/juyeon_gcp3/.m2/repository/com/google/auth/google-auth-library-credentials/1.4.0/google-auth-library-credentials-1.4.0.jar:/home/juyeon_gcp3/.m2/repository/com/google/auth/google-auth-library-oauth2-http/1.4.0/google-auth-library-oauth2-http-1.4.0.jar:/home/juyeon_gcp3/.m2/repository/com/google/http-client/google-http-client/1.41.2/google-http-client-1.41.2.jar:/home/juyeon_gcp3/.m2/repository/org/apache/httpcomponents/httpclient/4.5.13/httpclient-4.5.13.jar:/home/juyeon_gcp3/.m2/repository/commons-logging/commons-logging/1.2/commons-logging-1.2.jar:/home/juyeon_gcp3/.m2/repository/commons-codec/commons-codec/1.15/commons-codec-1.15.jar:/home/juyeon_gcp3/.m2/repository/org/apache/httpcomponents/httpcore/4.4.15/httpcore-4.4.15.jar:/home/juyeon_gcp3/.m2/repository/io/opencensus/opencensus-contrib-http-util/0.31.0/opencensus-contrib-http-util-0.31.0.jar:/home/juyeon_gcp3/.m2/repository/com/google/http-client/google-http-client-gson/1.41.2/google-http-client-gson-1.41.2.jar:/home/juyeon_gcp3/.m2/repository/io/opencensus/opencensus-api/0.31.0/opencensus-api-0.31.0.jar:/home/juyeon_gcp3/.m2/repository/com/google/api/gax-grpc/2.11.0/gax-grpc-2.11.0.jar:/home/juyeon_gcp3/.m2/repository/io/grpc/grpc-alts/1.44.0/grpc-alts-1.44.0.jar:/home/juyeon_gcp3/.m2/repository/io/grpc/grpc-grpclb/1.44.0/grpc-grpclb-1.44.0.jar:/home/juyeon_gcp3/.m2/repository/org/conscrypt/conscrypt-openjdk-uber/2.5.1/conscrypt-openjdk-uber-2.5.1.jar:/home/juyeon_gcp3/.m2/repository/io/grpc/grpc-auth/1.44.0/grpc-auth-1.44.0.jar:/home/juyeon_gcp3/.m2/repository/io/grpc/grpc-netty-shaded/1.44.0/grpc-netty-shaded-1.44.0.jar:/home/juyeon_gcp3/.m2/repository/io/perfmark/perfmark-api/0.23.0/perfmark-api-0.23.0.jar:/home/juyeon_gcp3/.m2/repository/io/grpc/grpc-core/1.44.0/grpc-core-1.44.0.jar:/home/juyeon_gcp3/.m2/repository/com/google/android/annotations/4.1.1.4/annotations-4.1.1.4.jar:/home/juyeon_gcp3/.m2/repository/org/codehaus/mojo/animal-sniffer-annotations/1.20/animal-sniffer-annotations-1.20.jar:/home/juyeon_gcp3/.m2/repository/io/grpc/grpc-xds/1.44.0/grpc-xds-1.44.0.jar:/home/juyeon_gcp3/.m2/repository/io/grpc/grpc-services/1.44.0/grpc-services-1.44.0.jar:/home/juyeon_gcp3/.m2/repository/com/google/code/gson/gson/2.8.9/gson-2.8.9.jar:/home/juyeon_gcp3/.m2/repository/com/google/re2j/re2j/1.5/re2j-1.5.jar:/home/juyeon_gcp3/.m2/repository/org/bouncycastle/bcpkix-jdk15on/1.67/bcpkix-jdk15on-1.67.jar:/home/juyeon_gcp3/.m2/repository/org/bouncycastle/bcprov-jdk15on/1.67/bcprov-jdk15on-1.67.jar:/home/juyeon_gcp3/.m2/repository/io/opencensus/opencensus-proto/0.2.0/opencensus-proto-0.2.0.jar:/home/juyeon_gcp3/.m2/repository/com/google/protobuf/protobuf-java-util/3.19.3/protobuf-java-util-3.19.3.jar:/home/juyeon_gcp3/.m2/repository/org/threeten/threetenbp/1.5.2/threetenbp-1.5.2.jar:/home/juyeon_gcp3/.m2/repository/com/googlecode/json-simple/json-simple/1.1.1/json-simple-1.1.1.jar:/home/juyeon_gcp3/.m2/repository/junit/junit/4.13.2/junit-4.13.2.jar:/home/juyeon_gcp3/.m2/repository/org/hamcrest/hamcrest-core/2.2/hamcrest-core-2.2.jar:/home/juyeon_gcp3/.m2/repository/org/mybatis/spring/boot/mybatis-spring-boot-starter/2.0.1/mybatis-spring-boot-starter-2.0.1.jar:/home/juyeon_gcp3/.m2/repository/org/mybatis/spring/boot/mybatis-spring-boot-autoconfigure/2.0.1/mybatis-spring-boot-autoconfigure-2.0.1.jar:/home/juyeon_gcp3/.m2/repository/org/mybatis/mybatis-spring/2.0.1/mybatis-spring-2.0.1.jar:/home/juyeon_gcp3/.m2/repository/org/springframework/boot/spring-boot-starter-jdbc/2.6.3/spring-boot-starter-jdbc-2.6.3.jar:/home/juyeon_gcp3/.m2/repository/com/zaxxer/HikariCP/4.0.3/HikariCP-4.0.3.jar:/home/juyeon_gcp3/.m2/repository/org/springframework/spring-jdbc/5.3.15/spring-jdbc-5.3.15.jar:/home/juyeon_gcp3/.m2/repository/org/springframework/spring-tx/5.3.15/spring-tx-5.3.15.jar:/home/juyeon_gcp3/.m2/repository/org/mybatis/mybatis/3.5.6/mybatis-3.5.6.jar:"/>
    <property name="java.vm.vendor" value="Debian"/>
    <property name="sun.arch.data.model" value="64"/>
    <property name="java.vendor.url" value="https://tracker.debian.org/openjdk-11"/>
    <property name="user.timezone" value=""/>
    <property name="java.vm.specification.version" value="11"/>
    <property name="os.name" value="Linux"/>
    <property name="sun.java.launcher" value="SUN_STANDARD"/>
    <property name="user.country" value="US"/>
    <property name="sun.boot.library.path" value="/usr/lib/jvm/java-11-openjdk-amd64/lib"/>
    <property name="sun.java.command" value="/home/juyeon_gcp3/Bespin-pjt/bespin-gke/target/surefire/surefirebooter16320282530764269528.jar /home/juyeon_gcp3/Bespin-pjt/bespin-gke/target/surefire 2022-02-25T06-20-24_327-jvmRun1 surefire9841303177491650666tmp surefire_07281180018630857466tmp"/>
    <property name="jdk.debug" value="release"/>
    <property name="surefire.test.class.path" value="/home/juyeon_gcp3/Bespin-pjt/bespin-gke/target/test-classes:/home/juyeon_gcp3/Bespin-pjt/bespin-gke/target/classes:/home/juyeon_gcp3/.m2/repository/org/springframework/boot/spring-boot-starter-thymeleaf/2.6.3/spring-boot-starter-thymeleaf-2.6.3.jar:/home/juyeon_gcp3/.m2/repository/org/springframework/boot/spring-boot-starter/2.6.3/spring-boot-starter-2.6.3.jar:/home/juyeon_gcp3/.m2/repository/org/springframework/boot/spring-boot/2.6.3/spring-boot-2.6.3.jar:/home/juyeon_gcp3/.m2/repository/org/springframework/boot/spring-boot-autoconfigure/2.6.3/spring-boot-autoconfigure-2.6.3.jar:/home/juyeon_gcp3/.m2/repository/org/springframework/boot/spring-boot-starter-logging/2.6.3/spring-boot-starter-logging-2.6.3.jar:/home/juyeon_gcp3/.m2/repository/ch/qos/logback/logback-classic/1.2.10/logback-classic-1.2.10.jar:/home/juyeon_gcp3/.m2/repository/ch/qos/logback/logback-core/1.2.10/logback-core-1.2.10.jar:/home/juyeon_gcp3/.m2/repository/org/apache/logging/log4j/log4j-to-slf4j/2.17.1/log4j-to-slf4j-2.17.1.jar:/home/juyeon_gcp3/.m2/repository/org/apache/logging/log4j/log4j-api/2.17.1/log4j-api-2.17.1.jar:/home/juyeon_gcp3/.m2/repository/org/slf4j/jul-to-slf4j/1.7.33/jul-to-slf4j-1.7.33.jar:/home/juyeon_gcp3/.m2/repository/jakarta/annotation/jakarta.annotation-api/1.3.5/jakarta.annotation-api-1.3.5.jar:/home/juyeon_gcp3/.m2/repository/org/yaml/snakeyaml/1.29/snakeyaml-1.29.jar:/home/juyeon_gcp3/.m2/repository/org/thymeleaf/thymeleaf-spring5/3.0.14.RELEASE/thymeleaf-spring5-3.0.14.RELEASE.jar:/home/juyeon_gcp3/.m2/repository/org/thymeleaf/thymeleaf/3.0.14.RELEASE/thymeleaf-3.0.14.RELEASE.jar:/home/juyeon_gcp3/.m2/repository/org/attoparser/attoparser/2.0.5.RELEASE/attoparser-2.0.5.RELEASE.jar:/home/juyeon_gcp3/.m2/repository/org/unbescape/unbescape/1.1.6.RELEASE/unbescape-1.1.6.RELEASE.jar:/home/juyeon_gcp3/.m2/repository/org/slf4j/slf4j-api/1.7.33/slf4j-api-1.7.33.jar:/home/juyeon_gcp3/.m2/repository/org/thymeleaf/extras/thymeleaf-extras-java8time/3.0.4.RELEASE/thymeleaf-extras-java8time-3.0.4.RELEASE.jar:/home/juyeon_gcp3/.m2/repository/org/springframework/boot/spring-boot-starter-web/2.6.3/spring-boot-starter-web-2.6.3.jar:/home/juyeon_gcp3/.m2/repository/org/springframework/boot/spring-boot-starter-json/2.6.3/spring-boot-starter-json-2.6.3.jar:/home/juyeon_gcp3/.m2/repository/com/fasterxml/jackson/core/jackson-databind/2.13.1/jackson-databind-2.13.1.jar:/home/juyeon_gcp3/.m2/repository/com/fasterxml/jackson/core/jackson-annotations/2.13.1/jackson-annotations-2.13.1.jar:/home/juyeon_gcp3/.m2/repository/com/fasterxml/jackson/core/jackson-core/2.13.1/jackson-core-2.13.1.jar:/home/juyeon_gcp3/.m2/repository/com/fasterxml/jackson/datatype/jackson-datatype-jdk8/2.13.1/jackson-datatype-jdk8-2.13.1.jar:/home/juyeon_gcp3/.m2/repository/com/fasterxml/jackson/datatype/jackson-datatype-jsr310/2.13.1/jackson-datatype-jsr310-2.13.1.jar:/home/juyeon_gcp3/.m2/repository/com/fasterxml/jackson/module/jackson-module-parameter-names/2.13.1/jackson-module-parameter-names-2.13.1.jar:/home/juyeon_gcp3/.m2/repository/org/springframework/boot/spring-boot-starter-tomcat/2.6.3/spring-boot-starter-tomcat-2.6.3.jar:/home/juyeon_gcp3/.m2/repository/org/apache/tomcat/embed/tomcat-embed-core/9.0.56/tomcat-embed-core-9.0.56.jar:/home/juyeon_gcp3/.m2/repository/org/apache/tomcat/embed/tomcat-embed-el/9.0.56/tomcat-embed-el-9.0.56.jar:/home/juyeon_gcp3/.m2/repository/org/apache/tomcat/embed/tomcat-embed-websocket/9.0.56/tomcat-embed-websocket-9.0.56.jar:/home/juyeon_gcp3/.m2/repository/org/springframework/spring-web/5.3.15/spring-web-5.3.15.jar:/home/juyeon_gcp3/.m2/repository/org/springframework/spring-beans/5.3.15/spring-beans-5.3.15.jar:/home/juyeon_gcp3/.m2/repository/org/springframework/spring-webmvc/5.3.15/spring-webmvc-5.3.15.jar:/home/juyeon_gcp3/.m2/repository/org/springframework/spring-aop/5.3.15/spring-aop-5.3.15.jar:/home/juyeon_gcp3/.m2/repository/org/springframework/spring-context/5.3.15/spring-context-5.3.15.jar:/home/juyeon_gcp3/.m2/repository/org/springframework/spring-expression/5.3.15/spring-expression-5.3.15.jar:/home/juyeon_gcp3/.m2/repository/org/springframework/boot/spring-boot-starter-test/2.6.3/spring-boot-starter-test-2.6.3.jar:/home/juyeon_gcp3/.m2/repository/org/springframework/boot/spring-boot-test/2.6.3/spring-boot-test-2.6.3.jar:/home/juyeon_gcp3/.m2/repository/org/springframework/boot/spring-boot-test-autoconfigure/2.6.3/spring-boot-test-autoconfigure-2.6.3.jar:/home/juyeon_gcp3/.m2/repository/com/jayway/jsonpath/json-path/2.6.0/json-path-2.6.0.jar:/home/juyeon_gcp3/.m2/repository/net/minidev/json-smart/2.4.7/json-smart-2.4.7.jar:/home/juyeon_gcp3/.m2/repository/net/minidev/accessors-smart/2.4.7/accessors-smart-2.4.7.jar:/home/juyeon_gcp3/.m2/repository/jakarta/xml/bind/jakarta.xml.bind-api/2.3.3/jakarta.xml.bind-api-2.3.3.jar:/home/juyeon_gcp3/.m2/repository/jakarta/activation/jakarta.activation-api/1.2.2/jakarta.activation-api-1.2.2.jar:/home/juyeon_gcp3/.m2/repository/org/assertj/assertj-core/3.21.0/assertj-core-3.21.0.jar:/home/juyeon_gcp3/.m2/repository/org/hamcrest/hamcrest/2.2/hamcrest-2.2.jar:/home/juyeon_gcp3/.m2/repository/org/junit/jupiter/junit-jupiter/5.8.2/junit-jupiter-5.8.2.jar:/home/juyeon_gcp3/.m2/repository/org/junit/jupiter/junit-jupiter-api/5.8.2/junit-jupiter-api-5.8.2.jar:/home/juyeon_gcp3/.m2/repository/org/opentest4j/opentest4j/1.2.0/opentest4j-1.2.0.jar:/home/juyeon_gcp3/.m2/repository/org/junit/platform/junit-platform-commons/1.8.2/junit-platform-commons-1.8.2.jar:/home/juyeon_gcp3/.m2/repository/org/apiguardian/apiguardian-api/1.1.2/apiguardian-api-1.1.2.jar:/home/juyeon_gcp3/.m2/repository/org/junit/jupiter/junit-jupiter-params/5.8.2/junit-jupiter-params-5.8.2.jar:/home/juyeon_gcp3/.m2/repository/org/junit/jupiter/junit-jupiter-engine/5.8.2/junit-jupiter-engine-5.8.2.jar:/home/juyeon_gcp3/.m2/repository/org/junit/platform/junit-platform-engine/1.8.2/junit-platform-engine-1.8.2.jar:/home/juyeon_gcp3/.m2/repository/org/mockito/mockito-core/4.0.0/mockito-core-4.0.0.jar:/home/juyeon_gcp3/.m2/repository/net/bytebuddy/byte-buddy/1.11.22/byte-buddy-1.11.22.jar:/home/juyeon_gcp3/.m2/repository/net/bytebuddy/byte-buddy-agent/1.11.22/byte-buddy-agent-1.11.22.jar:/home/juyeon_gcp3/.m2/repository/org/objenesis/objenesis/3.2/objenesis-3.2.jar:/home/juyeon_gcp3/.m2/repository/org/mockito/mockito-junit-jupiter/4.0.0/mockito-junit-jupiter-4.0.0.jar:/home/juyeon_gcp3/.m2/repository/org/skyscreamer/jsonassert/1.5.0/jsonassert-1.5.0.jar:/home/juyeon_gcp3/.m2/repository/com/vaadin/external/google/android-json/0.0.20131108.vaadin1/android-json-0.0.20131108.vaadin1.jar:/home/juyeon_gcp3/.m2/repository/org/springframework/spring-core/5.3.15/spring-core-5.3.15.jar:/home/juyeon_gcp3/.m2/repository/org/springframework/spring-jcl/5.3.15/spring-jcl-5.3.15.jar:/home/juyeon_gcp3/.m2/repository/org/springframework/spring-test/5.3.15/spring-test-5.3.15.jar:/home/juyeon_gcp3/.m2/repository/org/xmlunit/xmlunit-core/2.8.4/xmlunit-core-2.8.4.jar:/home/juyeon_gcp3/.m2/repository/org/mariadb/jdbc/mariadb-java-client/2.7.5/mariadb-java-client-2.7.5.jar:/home/juyeon_gcp3/.m2/repository/mysql/mysql-connector-java/8.0.28/mysql-connector-java-8.0.28.jar:/home/juyeon_gcp3/.m2/repository/com/google/cloud/sql/mysql-socket-factory/1.4.0/mysql-socket-factory-1.4.0.jar:/home/juyeon_gcp3/.m2/repository/com/google/cloud/sql/jdbc-socket-factory-core/1.4.0/jdbc-socket-factory-core-1.4.0.jar:/home/juyeon_gcp3/.m2/repository/com/google/http-client/google-http-client-jackson2/1.40.1/google-http-client-jackson2-1.40.1.jar:/home/juyeon_gcp3/.m2/repository/com/google/api-client/google-api-client/1.32.2/google-api-client-1.32.2.jar:/home/juyeon_gcp3/.m2/repository/com/google/oauth-client/google-oauth-client/1.32.1/google-oauth-client-1.32.1.jar:/home/juyeon_gcp3/.m2/repository/com/google/http-client/google-http-client-apache-v2/1.40.1/google-http-client-apache-v2-1.40.1.jar:/home/juyeon_gcp3/.m2/repository/org/checkerframework/checker-compat-qual/2.5.5/checker-compat-qual-2.5.5.jar:/home/juyeon_gcp3/.m2/repository/com/google/apis/google-api-services-sqladmin/v1beta4-rev20211017-1.32.1/google-api-services-sqladmin-v1beta4-rev20211017-1.32.1.jar:/home/juyeon_gcp3/.m2/repository/com/github/jnr/jnr-unixsocket/0.38.12/jnr-unixsocket-0.38.12.jar:/home/juyeon_gcp3/.m2/repository/com/github/jnr/jnr-ffi/2.2.8/jnr-ffi-2.2.8.jar:/home/juyeon_gcp3/.m2/repository/com/github/jnr/jffi/1.3.6/jffi-1.3.6.jar:/home/juyeon_gcp3/.m2/repository/com/github/jnr/jffi/1.3.6/jffi-1.3.6-native.jar:/home/juyeon_gcp3/.m2/repository/org/ow2/asm/asm-commons/9.2/asm-commons-9.2.jar:/home/juyeon_gcp3/.m2/repository/com/github/jnr/jnr-a64asm/1.0.0/jnr-a64asm-1.0.0.jar:/home/juyeon_gcp3/.m2/repository/com/github/jnr/jnr-x86asm/1.0.2/jnr-x86asm-1.0.2.jar:/home/juyeon_gcp3/.m2/repository/com/github/jnr/jnr-constants/0.10.3/jnr-constants-0.10.3.jar:/home/juyeon_gcp3/.m2/repository/com/github/jnr/jnr-enxio/0.32.10/jnr-enxio-0.32.10.jar:/home/juyeon_gcp3/.m2/repository/com/github/jnr/jnr-posix/3.1.11/jnr-posix-3.1.11.jar:/home/juyeon_gcp3/.m2/repository/org/ow2/asm/asm-util/9.2/asm-util-9.2.jar:/home/juyeon_gcp3/.m2/repository/org/ow2/asm/asm/9.2/asm-9.2.jar:/home/juyeon_gcp3/.m2/repository/org/ow2/asm/asm-tree/9.2/asm-tree-9.2.jar:/home/juyeon_gcp3/.m2/repository/org/ow2/asm/asm-analysis/9.2/asm-analysis-9.2.jar:/home/juyeon_gcp3/.m2/repository/com/google/cloud/google-cloud-container/2.3.2/google-cloud-container-2.3.2.jar:/home/juyeon_gcp3/.m2/repository/io/grpc/grpc-api/1.44.0/grpc-api-1.44.0.jar:/home/juyeon_gcp3/.m2/repository/io/grpc/grpc-context/1.44.0/grpc-context-1.44.0.jar:/home/juyeon_gcp3/.m2/repository/com/google/code/findbugs/jsr305/3.0.2/jsr305-3.0.2.jar:/home/juyeon_gcp3/.m2/repository/io/grpc/grpc-stub/1.44.0/grpc-stub-1.44.0.jar:/home/juyeon_gcp3/.m2/repository/io/grpc/grpc-protobuf/1.44.0/grpc-protobuf-1.44.0.jar:/home/juyeon_gcp3/.m2/repository/io/grpc/grpc-protobuf-lite/1.44.0/grpc-protobuf-lite-1.44.0.jar:/home/juyeon_gcp3/.m2/repository/com/google/api/api-common/2.1.3/api-common-2.1.3.jar:/home/juyeon_gcp3/.m2/repository/javax/annotation/javax.annotation-api/1.3.2/javax.annotation-api-1.3.2.jar:/home/juyeon_gcp3/.m2/repository/com/google/auto/value/auto-value-annotations/1.9/auto-value-annotations-1.9.jar:/home/juyeon_gcp3/.m2/repository/com/google/protobuf/protobuf-java/3.19.3/protobuf-java-3.19.3.jar:/home/juyeon_gcp3/.m2/repository/com/google/api/grpc/proto-google-common-protos/2.7.2/proto-google-common-protos-2.7.2.jar:/home/juyeon_gcp3/.m2/repository/com/google/api/grpc/proto-google-cloud-container-v1beta1/2.3.2/proto-google-cloud-container-v1beta1-2.3.2.jar:/home/juyeon_gcp3/.m2/repository/com/google/api/grpc/proto-google-cloud-container-v1/2.3.2/proto-google-cloud-container-v1-2.3.2.jar:/home/juyeon_gcp3/.m2/repository/com/google/guava/guava/31.0.1-jre/guava-31.0.1-jre.jar:/home/juyeon_gcp3/.m2/repository/com/google/guava/failureaccess/1.0.1/failureaccess-1.0.1.jar:/home/juyeon_gcp3/.m2/repository/com/google/guava/listenablefuture/9999.0-empty-to-avoid-conflict-with-guava/listenablefuture-9999.0-empty-to-avoid-conflict-with-guava.jar:/home/juyeon_gcp3/.m2/repository/org/checkerframework/checker-qual/3.21.1/checker-qual-3.21.1.jar:/home/juyeon_gcp3/.m2/repository/com/google/errorprone/error_prone_annotations/2.11.0/error_prone_annotations-2.11.0.jar:/home/juyeon_gcp3/.m2/repository/com/google/j2objc/j2objc-annotations/1.3/j2objc-annotations-1.3.jar:/home/juyeon_gcp3/.m2/repository/com/google/api/gax/2.11.0/gax-2.11.0.jar:/home/juyeon_gcp3/.m2/repository/com/google/auth/google-auth-library-credentials/1.4.0/google-auth-library-credentials-1.4.0.jar:/home/juyeon_gcp3/.m2/repository/com/google/auth/google-auth-library-oauth2-http/1.4.0/google-auth-library-oauth2-http-1.4.0.jar:/home/juyeon_gcp3/.m2/repository/com/google/http-client/google-http-client/1.41.2/google-http-client-1.41.2.jar:/home/juyeon_gcp3/.m2/repository/org/apache/httpcomponents/httpclient/4.5.13/httpclient-4.5.13.jar:/home/juyeon_gcp3/.m2/repository/commons-logging/commons-logging/1.2/commons-logging-1.2.jar:/home/juyeon_gcp3/.m2/repository/commons-codec/commons-codec/1.15/commons-codec-1.15.jar:/home/juyeon_gcp3/.m2/repository/org/apache/httpcomponents/httpcore/4.4.15/httpcore-4.4.15.jar:/home/juyeon_gcp3/.m2/repository/io/opencensus/opencensus-contrib-http-util/0.31.0/opencensus-contrib-http-util-0.31.0.jar:/home/juyeon_gcp3/.m2/repository/com/google/http-client/google-http-client-gson/1.41.2/google-http-client-gson-1.41.2.jar:/home/juyeon_gcp3/.m2/repository/io/opencensus/opencensus-api/0.31.0/opencensus-api-0.31.0.jar:/home/juyeon_gcp3/.m2/repository/com/google/api/gax-grpc/2.11.0/gax-grpc-2.11.0.jar:/home/juyeon_gcp3/.m2/repository/io/grpc/grpc-alts/1.44.0/grpc-alts-1.44.0.jar:/home/juyeon_gcp3/.m2/repository/io/grpc/grpc-grpclb/1.44.0/grpc-grpclb-1.44.0.jar:/home/juyeon_gcp3/.m2/repository/org/conscrypt/conscrypt-openjdk-uber/2.5.1/conscrypt-openjdk-uber-2.5.1.jar:/home/juyeon_gcp3/.m2/repository/io/grpc/grpc-auth/1.44.0/grpc-auth-1.44.0.jar:/home/juyeon_gcp3/.m2/repository/io/grpc/grpc-netty-shaded/1.44.0/grpc-netty-shaded-1.44.0.jar:/home/juyeon_gcp3/.m2/repository/io/perfmark/perfmark-api/0.23.0/perfmark-api-0.23.0.jar:/home/juyeon_gcp3/.m2/repository/io/grpc/grpc-core/1.44.0/grpc-core-1.44.0.jar:/home/juyeon_gcp3/.m2/repository/com/google/android/annotations/4.1.1.4/annotations-4.1.1.4.jar:/home/juyeon_gcp3/.m2/repository/org/codehaus/mojo/animal-sniffer-annotations/1.20/animal-sniffer-annotations-1.20.jar:/home/juyeon_gcp3/.m2/repository/io/grpc/grpc-xds/1.44.0/grpc-xds-1.44.0.jar:/home/juyeon_gcp3/.m2/repository/io/grpc/grpc-services/1.44.0/grpc-services-1.44.0.jar:/home/juyeon_gcp3/.m2/repository/com/google/code/gson/gson/2.8.9/gson-2.8.9.jar:/home/juyeon_gcp3/.m2/repository/com/google/re2j/re2j/1.5/re2j-1.5.jar:/home/juyeon_gcp3/.m2/repository/org/bouncycastle/bcpkix-jdk15on/1.67/bcpkix-jdk15on-1.67.jar:/home/juyeon_gcp3/.m2/repository/org/bouncycastle/bcprov-jdk15on/1.67/bcprov-jdk15on-1.67.jar:/home/juyeon_gcp3/.m2/repository/io/opencensus/opencensus-proto/0.2.0/opencensus-proto-0.2.0.jar:/home/juyeon_gcp3/.m2/repository/com/google/protobuf/protobuf-java-util/3.19.3/protobuf-java-util-3.19.3.jar:/home/juyeon_gcp3/.m2/repository/org/threeten/threetenbp/1.5.2/threetenbp-1.5.2.jar:/home/juyeon_gcp3/.m2/repository/com/googlecode/json-simple/json-simple/1.1.1/json-simple-1.1.1.jar:/home/juyeon_gcp3/.m2/repository/junit/junit/4.13.2/junit-4.13.2.jar:/home/juyeon_gcp3/.m2/repository/org/hamcrest/hamcrest-core/2.2/hamcrest-core-2.2.jar:/home/juyeon_gcp3/.m2/repository/org/mybatis/spring/boot/mybatis-spring-boot-starter/2.0.1/mybatis-spring-boot-starter-2.0.1.jar:/home/juyeon_gcp3/.m2/repository/org/mybatis/spring/boot/mybatis-spring-boot-autoconfigure/2.0.1/mybatis-spring-boot-autoconfigure-2.0.1.jar:/home/juyeon_gcp3/.m2/repository/org/mybatis/mybatis-spring/2.0.1/mybatis-spring-2.0.1.jar:/home/juyeon_gcp3/.m2/repository/org/springframework/boot/spring-boot-starter-jdbc/2.6.3/spring-boot-starter-jdbc-2.6.3.jar:/home/juyeon_gcp3/.m2/repository/com/zaxxer/HikariCP/4.0.3/HikariCP-4.0.3.jar:/home/juyeon_gcp3/.m2/repository/org/springframework/spring-jdbc/5.3.15/spring-jdbc-5.3.15.jar:/home/juyeon_gcp3/.m2/repository/org/springframework/spring-tx/5.3.15/spring-tx-5.3.15.jar:/home/juyeon_gcp3/.m2/repository/org/mybatis/mybatis/3.5.6/mybatis-3.5.6.jar:"/>
    <property name="sun.cpu.endian" value="little"/>
    <property name="user.home" value="/home/juyeon_gcp3"/>
    <property name="user.language" value="en"/>
    <property name="java.specification.vendor" value="Oracle Corporation"/>
    <property name="java.version.date" value="2022-01-18"/>
    <property name="java.home" value="/usr/lib/jvm/java-11-openjdk-amd64"/>
    <property name="file.separator" value="/"/>
    <property name="basedir" value="/home/juyeon_gcp3/Bespin-pjt/bespin-gke"/>
    <property name="java.vm.compressedOopsMode" value="32-bit"/>
    <property name="line.separator" value="&#10;"/>
    <property name="java.specification.name" value="Java Platform API Specification"/>
    <property name="java.vm.specification.vendor" value="Oracle Corporation"/>
    <property name="java.awt.graphicsenv" value="sun.awt.X11GraphicsEnvironment"/>
    <property name="surefire.real.class.path" value="/home/juyeon_gcp3/Bespin-pjt/bespin-gke/target/surefire/surefirebooter16320282530764269528.jar"/>
    <property name="sun.management.compiler" value="HotSpot 64-Bit Tiered Compilers"/>
    <property name="java.runtime.version" value="11.0.14+9-post-Debian-1deb11u1"/>
    <property name="user.name" value="juyeon_gcp3"/>
    <property name="path.separator" value=":"/>
    <property name="os.version" value="5.10.90+"/>
    <property name="java.runtime.name" value="OpenJDK Runtime Environment"/>
    <property name="file.encoding" value="UTF-8"/>
    <property name="java.vm.name" value="OpenJDK 64-Bit Server VM"/>
    <property name="localRepository" value="/home/juyeon_gcp3/.m2/repository"/>
    <property name="java.vendor.url.bug" value="https://bugs.debian.org/openjdk-11"/>
    <property name="java.io.tmpdir" value="/tmp"/>
    <property name="java.version" value="11.0.14"/>
    <property name="user.dir" value="/home/juyeon_gcp3/Bespin-pjt/bespin-gke"/>
    <property name="os.arch" value="amd64"/>
    <property name="java.vm.specification.name" value="Java Virtual Machine Specification"/>
    <property name="java.awt.printerjob" value="sun.print.PSPrinterJob"/>
    <property name="sun.os.patch.level" value="unknown"/>
    <property name="java.library.path" value="/usr/java/packages/lib:/usr/lib/x86_64-linux-gnu/jni:/lib/x86_64-linux-gnu:/usr/lib/x86_64-linux-gnu:/usr/lib/jni:/lib:/usr/lib"/>
    <property name="java.vm.info" value="mixed mode, sharing"/>
    <property name="java.vendor" value="Debian"/>
    <property name="java.vm.version" value="11.0.14+9-post-Debian-1deb11u1"/>
    <property name="sun.io.unicode.encoding" value="UnicodeLittle"/>
    <property name="java.class.version" value="55.0"/>
  </properties>
  <testcase name="contextLoads" classname="com.bg.gke.BespinGkeApplicationTests" time="0.497"/>
</testsuite>